c:\users\administrator.pc-20160814ogud\desktop\umlanalyser\debug\umlanalyser.pch
c:\users\administrator.pc-20160814ogud\desktop\umlanalyser\debug\vc120.pdb
c:\users\administrator.pc-20160814ogud\desktop\umlanalyser\debug\vc120.idb
c:\users\administrator.pc-20160814ogud\desktop\umlanalyser\debug\stdafx.obj
c:\users\administrator.pc-20160814ogud\desktop\umlanalyser\debug\ado.obj
c:\users\administrator.pc-20160814ogud\desktop\umlanalyser\debug\bmpedit.obj
c:\users\administrator.pc-20160814ogud\desktop\umlanalyser\debug\drawbutton.obj
c:\users\administrator.pc-20160814ogud\desktop\umlanalyser\debug\umlanalyser.obj
c:\users\administrator.pc-20160814ogud\desktop\umlanalyser\debug\umlanalyserdlg.obj
c:\users\administrator.pc-20160814ogud\desktop\umlanalyser\debug\umlanalyser.res
c:\users\administrator.pc-20160814ogud\desktop\umlanalyser\debug\msado15.tli
c:\users\administrator.pc-20160814ogud\desktop\umlanalyser\debug\msado15.tlh
c:\users\administrator.pc-20160814ogud\desktop\umlanalyser\debug\umlanalyser.pdb
c:\users\administrator.pc-20160814ogud\desktop\umlanalyser\debug\umlanalyser.tlog\cl.command.1.tlog
c:\users\administrator.pc-20160814ogud\desktop\umlanalyser\debug\umlanalyser.tlog\cl.read.1.tlog
c:\users\administrator.pc-20160814ogud\desktop\umlanalyser\debug\umlanalyser.tlog\cl.write.1.tlog
c:\users\administrator.pc-20160814ogud\desktop\umlanalyser\debug\umlanalyser.tlog\link-cvtres.read.1.tlog
c:\users\administrator.pc-20160814ogud\desktop\umlanalyser\debug\umlanalyser.tlog\link-cvtres.write.1.tlog
c:\users\administrator.pc-20160814ogud\desktop\umlanalyser\debug\umlanalyser.tlog\link-mt.read.1.tlog
c:\users\administrator.pc-20160814ogud\desktop\umlanalyser\debug\umlanalyser.tlog\link-mt.write.1.tlog
c:\users\administrator.pc-20160814ogud\desktop\umlanalyser\debug\umlanalyser.tlog\link-rc.read.1.tlog
c:\users\administrator.pc-20160814ogud\desktop\umlanalyser\debug\umlanalyser.tlog\link-rc.write.1.tlog
c:\users\administrator.pc-20160814ogud\desktop\umlanalyser\debug\umlanalyser.tlog\link.command.1.tlog
c:\users\administrator.pc-20160814ogud\desktop\umlanalyser\debug\umlanalyser.tlog\link.read.1.tlog
c:\users\administrator.pc-20160814ogud\desktop\umlanalyser\debug\umlanalyser.tlog\link.write.1.tlog
c:\users\administrator.pc-20160814ogud\desktop\umlanalyser\debug\umlanalyser.tlog\rc.command.1.tlog
c:\users\administrator.pc-20160814ogud\desktop\umlanalyser\debug\umlanalyser.tlog\rc.read.1.tlog
c:\users\administrator.pc-20160814ogud\desktop\umlanalyser\debug\umlanalyser.tlog\rc.write.1.tlog
